2026-03-05 14:19:43,641 - INFO - ============================================================
2026-03-05 14:19:43,641 - INFO -   MULAI: All State Visa Requirements Scraper
2026-03-05 14:19:43,641 - INFO - ============================================================
2026-03-05 14:19:43,641 - INFO - 
============================================================
2026-03-05 14:19:43,641 - INFO -   Starting: ACT
2026-03-05 14:19:43,641 - INFO - ============================================================
2026-03-05 14:19:43,641 - INFO - === Scraping ACT Subclass 190 ===
2026-03-05 14:19:43,641 - INFO - Fetching: https://www.act.gov.au/migration/skilled-migrants/190-nomination-criteria
2026-03-05 14:19:50,813 - INFO - [Camoufox] Membuka: https://www.act.gov.au/migration/skilled-migrants/190-nomination-criteria
2026-03-05 14:19:53,758 - INFO - [Camoufox] Selector '#main.col-md-8' ditemukan.
2026-03-05 14:19:56,776 - INFO - [Camoufox] HTML didapat (52,216 chars)
2026-03-05 14:19:57,423 - INFO - Fetching: https://www.act.gov.au/migration/skilled-migrants/190-nomination-criteria/overseas-applicant-eligibility
2026-03-05 14:20:04,024 - INFO - [Camoufox] Membuka: https://www.act.gov.au/migration/skilled-migrants/190-nomination-criteria/overseas-applicant-eligibility
2026-03-05 14:20:06,651 - INFO - [Camoufox] Selector '#main.col-md-8' ditemukan.
2026-03-05 14:20:09,674 - INFO - [Camoufox] HTML didapat (57,090 chars)
2026-03-05 14:20:10,300 - INFO - Fetching: https://www.act.gov.au/migration/skilled-migrants/190-nomination-criteria/canberra-resident-applicant-eligibility
2026-03-05 14:20:16,842 - INFO - [Camoufox] Membuka: https://www.act.gov.au/migration/skilled-migrants/190-nomination-criteria/canberra-resident-applicant-eligibility
2026-03-05 14:20:19,404 - INFO - [Camoufox] Selector '#main.col-md-8' ditemukan.
2026-03-05 14:20:22,423 - INFO - [Camoufox] HTML didapat (59,648 chars)
2026-03-05 14:20:23,068 - INFO - === Scraping ACT Subclass 491 ===
2026-03-05 14:20:23,069 - INFO - Fetching: https://www.act.gov.au/migration/skilled-migrants/491-nomination-criteria
2026-03-05 14:20:29,590 - INFO - [Camoufox] Membuka: https://www.act.gov.au/migration/skilled-migrants/491-nomination-criteria
2026-03-05 14:20:32,257 - INFO - [Camoufox] Selector '#main.col-md-8' ditemukan.
2026-03-05 14:20:35,266 - INFO - [Camoufox] HTML didapat (52,305 chars)
2026-03-05 14:20:35,889 - INFO - Fetching: https://www.act.gov.au/migration/skilled-migrants/491-nomination-criteria/491-nomination-overseas-applicant-eligibility
2026-03-05 14:20:42,400 - INFO - [Camoufox] Membuka: https://www.act.gov.au/migration/skilled-migrants/491-nomination-criteria/491-nomination-overseas-applicant-eligibility
2026-03-05 14:20:44,822 - INFO - [Camoufox] Selector '#main.col-md-8' ditemukan.
2026-03-05 14:20:47,841 - INFO - [Camoufox] HTML didapat (56,953 chars)
2026-03-05 14:20:48,471 - INFO - Fetching: https://www.act.gov.au/migration/skilled-migrants/491-nomination-criteria/491-nomination-canberra-resident-applicant-eligibility
2026-03-05 14:20:55,065 - INFO - [Camoufox] Membuka: https://www.act.gov.au/migration/skilled-migrants/491-nomination-criteria/491-nomination-canberra-resident-applicant-eligibility
2026-03-05 14:20:57,621 - INFO - [Camoufox] Selector '#main.col-md-8' ditemukan.
2026-03-05 14:21:00,639 - INFO - [Camoufox] HTML didapat (59,536 chars)
2026-03-05 14:21:01,402 - INFO - [Excel] Formatting selesai: c:\Users\Microsoft\OneDrive\Desktop\state_nomination_scrap\src\scrapers\output_scrape\act\requirements_act.xlsx
2026-03-05 14:21:01,402 - INFO - Scraping selesai. Data disimpan ke c:\Users\Microsoft\OneDrive\Desktop\state_nomination_scrap\src\scrapers\output_scrape\act
2026-03-05 14:21:01,412 - INFO - [ACT] Selesai dalam 77.8s — 2 baris
2026-03-05 14:21:01,413 - INFO - 
============================================================
2026-03-05 14:21:01,413 - INFO -   Starting: NT
2026-03-05 14:21:01,413 - INFO - ============================================================
2026-03-05 14:21:01,413 - INFO - === Scraping NT Requirements ===
2026-03-05 14:21:01,413 - INFO - Fetching: https://australiasnorthernterritory.com.au/move/migrate-to-work/nt-government-visa-nomination
2026-03-05 14:21:02,573 - INFO - [Playwright] Membuka: https://australiasnorthernterritory.com.au/move/migrate-to-work/nt-government-visa-nomination
2026-03-05 14:21:05,111 - INFO - [Playwright] Selector 'div[id^='component_'] article' ditemukan.
2026-03-05 14:21:08,134 - INFO - [Playwright] HTML didapat (214,301 chars)
2026-03-05 14:21:08,292 - INFO - Fetching: https://australiasnorthernterritory.com.au/move/migrate-to-work/nt-government-visa-nomination/nt-offshore-migration-occupation-list
2026-03-05 14:21:09,162 - INFO - [Playwright] Membuka: https://australiasnorthernterritory.com.au/move/migrate-to-work/nt-government-visa-nomination/nt-offshore-migration-occupation-list
2026-03-05 14:21:10,039 - INFO - [Playwright] Selector 'div[id^='component_'] article' ditemukan.
2026-03-05 14:21:13,062 - INFO - [Playwright] HTML didapat (238,499 chars)
2026-03-05 14:21:13,280 - INFO - [Excel] Formatting selesai: c:\Users\Microsoft\OneDrive\Desktop\state_nomination_scrap\src\scrapers\output_scrape\nt\requirements_nt.xlsx
2026-03-05 14:21:13,280 - INFO - Scraping selesai. Data disimpan ke c:\Users\Microsoft\OneDrive\Desktop\state_nomination_scrap\src\scrapers\output_scrape\nt
2026-03-05 14:21:13,285 - INFO - [NT] Selesai dalam 11.9s — 2 baris
2026-03-05 14:21:13,285 - INFO - 
============================================================
2026-03-05 14:21:13,285 - INFO -   Starting: NSW
2026-03-05 14:21:13,285 - INFO - ============================================================
2026-03-05 14:21:13,286 - INFO - === Scraping NSW Subclass 190 ===
2026-03-05 14:21:13,286 - INFO - Fetching: https://www.nsw.gov.au/visas-and-migration/skilled-visas/skilled-nominated-visa-subclass-190
2026-03-05 14:21:14,208 - INFO - [Playwright] Membuka: https://www.nsw.gov.au/visas-and-migration/skilled-visas/skilled-nominated-visa-subclass-190
2026-03-05 14:21:15,539 - INFO - [Playwright] Selector '.nsw-layout__main' ditemukan.
2026-03-05 14:21:18,560 - INFO - [Playwright] HTML didapat (161,898 chars)
2026-03-05 14:21:18,711 - INFO - Ditemukan 7 div.nsw-wysiwyg-content
2026-03-05 14:21:18,711 - INFO - Matched wysiwyg-content: 'Basic Eligibility' → Basic Eligibility To be considered for NSW nomination, you must meet the followi...
2026-03-05 14:21:18,716 - INFO - Ditemukan 7 div.nsw-wysiwyg-content
2026-03-05 14:21:18,717 - INFO - Matched wysiwyg-content: 'Key Steps for Securing NSW Nomination' → Key Steps for Securing NSW Nomination The NSW nomination process involves severa...
2026-03-05 14:21:18,720 - INFO - Ditemukan 7 div.nsw-wysiwyg-content
2026-03-05 14:21:18,720 - INFO - Matched wysiwyg-content: 'Understanding Invitation Rounds and the NSW Skills List' → Understanding Invitation Rounds and the NSW Skills List Invitation rounds are an...
2026-03-05 14:21:18,722 - INFO - === Scraping NSW Subclass 491 ===
2026-03-05 14:21:18,723 - INFO - Fetching: https://www.nsw.gov.au/visas-and-migration/skilled-visas/skilled-work-regional-visa-subclass-491
2026-03-05 14:21:19,593 - INFO - [Playwright] Membuka: https://www.nsw.gov.au/visas-and-migration/skilled-visas/skilled-work-regional-visa-subclass-491
2026-03-05 14:21:20,460 - INFO - [Playwright] Selector '.nsw-layout__main' ditemukan.
2026-03-05 14:21:23,487 - INFO - [Playwright] HTML didapat (176,788 chars)
2026-03-05 14:21:23,632 - INFO - Ditemukan 14 div.nsw-wysiwyg-content
2026-03-05 14:21:23,632 - INFO - Matched wysiwyg-content: 'About NSW Nomination' → About NSW Nomination NSW nomination for this visa allows skilled migrants to liv...
2026-03-05 14:21:23,635 - INFO - Ditemukan 14 div.nsw-wysiwyg-content
2026-03-05 14:21:23,635 - INFO - Matched wysiwyg-content: 'Understanding Invitation Rounds and the NSW Regional Skills List' → Understanding Invitation Rounds and the NSW Regional Skills List Invitation roun...
2026-03-05 14:21:23,639 - INFO - Ditemukan 14 div.nsw-wysiwyg-content
2026-03-05 14:21:23,639 - INFO - Matched wysiwyg-content: 'Key Steps for Securing NSW Nomination' → Key Steps for Securing NSW Nomination The NSW nomination process involves severa...
2026-03-05 14:21:23,688 - INFO - [Excel] Formatting selesai: c:\Users\Microsoft\OneDrive\Desktop\state_nomination_scrap\src\scrapers\output_scrape\nsw\requirements_nsw.xlsx
2026-03-05 14:21:23,688 - INFO - Scraping selesai. Data disimpan ke c:\Users\Microsoft\OneDrive\Desktop\state_nomination_scrap\src\scrapers\output_scrape\nsw
2026-03-05 14:21:23,693 - INFO - [NSW] Selesai dalam 10.4s — 2 baris
2026-03-05 14:21:23,693 - INFO - 
============================================================
2026-03-05 14:21:23,694 - INFO -   Starting: QLD
2026-03-05 14:21:23,694 - INFO - ============================================================
2026-03-05 14:21:23,694 - INFO - === Scraping QLD: Workers_Living_in_Queensland ===
2026-03-05 14:21:23,694 - INFO - Fetching: https://migration.qld.gov.au/visa-options/skilled-visas/skilled-workers-living-in-queensland
2026-03-05 14:21:24,778 - INFO - [Playwright] Membuka: https://migration.qld.gov.au/visa-options/skilled-visas/skilled-workers-living-in-queensland
2026-03-05 14:21:27,665 - INFO - [Playwright] Selector 'body' ditemukan.
2026-03-05 14:21:30,683 - INFO - [Playwright] HTML didapat (48,836 chars)
2026-03-05 14:21:30,814 - WARNING - Container 'component_*' tidak ditemukan, fallback ke <body>.
2026-03-05 14:21:30,822 - INFO - === Scraping QLD: Workers_Living_Offshore ===
2026-03-05 14:21:30,822 - INFO - Fetching: https://migration.qld.gov.au/visa-options/skilled-visas/skilled-workers-living-offshore
2026-03-05 14:21:31,693 - INFO - [Playwright] Membuka: https://migration.qld.gov.au/visa-options/skilled-visas/skilled-workers-living-offshore
2026-03-05 14:21:34,906 - INFO - [Playwright] Selector 'body' ditemukan.
2026-03-05 14:21:37,929 - INFO - [Playwright] HTML didapat (47,727 chars)
2026-03-05 14:21:38,062 - WARNING - Container 'component_*' tidak ditemukan, fallback ke <body>.
2026-03-05 14:21:38,069 - INFO - === Scraping QLD: Building_and_Construction ===
2026-03-05 14:21:38,070 - INFO - Fetching: https://migration.qld.gov.au/visa-options/skilled-visas/building-and-construction-workers
2026-03-05 14:21:38,963 - INFO - [Playwright] Membuka: https://migration.qld.gov.au/visa-options/skilled-visas/building-and-construction-workers
2026-03-05 14:21:41,585 - INFO - [Playwright] Selector 'body' ditemukan.
2026-03-05 14:21:44,605 - INFO - [Playwright] HTML didapat (48,924 chars)
2026-03-05 14:21:44,732 - WARNING - Container 'component_*' tidak ditemukan, fallback ke <body>.
2026-03-05 14:21:44,740 - INFO - === Scraping QLD: University_Graduates ===
2026-03-05 14:21:44,740 - INFO - Fetching: https://www.migration.qld.gov.au/visa-options/skilled-visas/graduates-of-a-queensland-university
2026-03-05 14:21:45,611 - INFO - [Playwright] Membuka: https://www.migration.qld.gov.au/visa-options/skilled-visas/graduates-of-a-queensland-university
2026-03-05 14:21:48,658 - INFO - [Playwright] Selector 'body' ditemukan.
2026-03-05 14:21:51,667 - INFO - [Playwright] HTML didapat (48,476 chars)
2026-03-05 14:21:51,796 - WARNING - Container 'component_*' tidak ditemukan, fallback ke <body>.
2026-03-05 14:21:51,803 - INFO - === Scraping QLD: Small_Business_Owners ===
2026-03-05 14:21:51,803 - INFO - Fetching: https://migration.qld.gov.au/visa-options/skilled-visas/small-business-owners-operating-in-regional-queensland
2026-03-05 14:21:52,724 - INFO - [Playwright] Membuka: https://migration.qld.gov.au/visa-options/skilled-visas/small-business-owners-operating-in-regional-queensland
2026-03-05 14:21:55,507 - INFO - [Playwright] Selector 'body' ditemukan.
2026-03-05 14:21:58,529 - INFO - [Playwright] HTML didapat (70,808 chars)
2026-03-05 14:21:58,663 - WARNING - Container 'component_*' tidak ditemukan, fallback ke <body>.
2026-03-05 14:21:58,744 - INFO - [Excel] Formatting selesai: c:\Users\Microsoft\OneDrive\Desktop\state_nomination_scrap\src\scrapers\output_scrape\qld\requirements_qld.xlsx
2026-03-05 14:21:58,744 - INFO - Scraping selesai. Data disimpan ke c:\Users\Microsoft\OneDrive\Desktop\state_nomination_scrap\src\scrapers\output_scrape\qld
2026-03-05 14:21:58,749 - INFO - [QLD] Selesai dalam 35.1s — 7 baris
2026-03-05 14:21:58,749 - INFO - 
============================================================
2026-03-05 14:21:58,749 - INFO -   Starting: SA
2026-03-05 14:21:58,749 - INFO - ============================================================
2026-03-05 14:21:58,750 - INFO - === Scraping SA: Skilled_Employment_in_South_Australia ===
2026-03-05 14:21:58,750 - INFO - Fetching: https://migration.sa.gov.au/before-applying/visa-options-and-pathways/skilled-migrants/skilled-employment-in-south-australia
2026-03-05 14:21:59,653 - INFO - [Playwright] Membuka: https://migration.sa.gov.au/before-applying/visa-options-and-pathways/skilled-migrants/skilled-employment-in-south-australia
2026-03-05 14:22:02,982 - INFO - [Playwright] Selector 'body' ditemukan.
2026-03-05 14:22:06,008 - INFO - [Playwright] HTML didapat (233,730 chars)
2026-03-05 14:22:06,154 - INFO - === Scraping SA: South_Australian_Graduates ===
2026-03-05 14:22:06,155 - INFO - Fetching: https://migration.sa.gov.au/before-applying/visa-options-and-pathways/skilled-migrants/south-australian-graduates
2026-03-05 14:22:07,023 - INFO - [Playwright] Membuka: https://migration.sa.gov.au/before-applying/visa-options-and-pathways/skilled-migrants/south-australian-graduates
2026-03-05 14:22:09,370 - INFO - [Playwright] Selector 'body' ditemukan.
2026-03-05 14:22:12,387 - INFO - [Playwright] HTML didapat (233,140 chars)
2026-03-05 14:22:12,557 - INFO - === Scraping SA: Outer_Regional_Skilled_Employment ===
2026-03-05 14:22:12,557 - INFO - Fetching: https://migration.sa.gov.au/before-applying/visa-options-and-pathways/skilled-migrants/outer-regional-skilled-employment
2026-03-05 14:22:13,700 - INFO - [Playwright] Membuka: https://migration.sa.gov.au/before-applying/visa-options-and-pathways/skilled-migrants/outer-regional-skilled-employment
2026-03-05 14:22:16,676 - INFO - [Playwright] Selector 'body' ditemukan.
2026-03-05 14:22:19,703 - INFO - [Playwright] HTML didapat (236,082 chars)
2026-03-05 14:22:19,853 - INFO - === Scraping SA: Moving_to_South_Australia_from_Overseas ===
2026-03-05 14:22:19,853 - INFO - Fetching offshore (tab-click mode): https://migration.sa.gov.au/before-applying/visa-options-and-pathways/skilled-migrants/moving-to-south-australia-from-overseas
2026-03-05 14:22:31,204 - INFO - [Excel] Formatting selesai: c:\Users\Microsoft\OneDrive\Desktop\state_nomination_scrap\src\scrapers\output_scrape\sa\requirements_sa.xlsx
2026-03-05 14:22:31,205 - INFO - Scraping selesai. Data disimpan ke c:\Users\Microsoft\OneDrive\Desktop\state_nomination_scrap\src\scrapers\output_scrape\sa
2026-03-05 14:22:31,215 - INFO - [SA] Selesai dalam 32.5s — 4 baris
2026-03-05 14:22:31,216 - INFO - 
============================================================
2026-03-05 14:22:31,216 - INFO -   Starting: TAS
2026-03-05 14:22:31,216 - INFO - ============================================================
2026-03-05 14:22:31,216 - INFO - 
=== Pathway: TSE ===
2026-03-05 14:22:31,216 - INFO - Fetching + manual click accordions: https://www.migration.tas.gov.au/skilled_migration/skilled-workers-and-graduates-living-in-Tasmania/tasmanian-skilled-employment-pathways-tse
2026-03-05 14:22:38,464 - INFO -   Ditemukan 6 accordion button
2026-03-05 14:22:43,005 - INFO -   Parsing subclass 190...
2026-03-05 14:22:43,013 - INFO -   Heading ditemukan: 'Subclass 190 - Tasmanian Skilled Employment (TSE)' → accordion di bawahnya
2026-03-05 14:22:43,017 - INFO -   Subclass 190 → 3 accordion-item ditemukan
2026-03-05 14:22:43,027 - INFO -   Parsing subclass 491...
2026-03-05 14:22:43,034 - INFO -   Heading ditemukan: 'Subclass 491 - Tasmanian Skilled Employment (TSE)' → accordion di bawahnya
2026-03-05 14:22:43,037 - INFO -   Subclass 491 → 3 accordion-item ditemukan
2026-03-05 14:22:43,049 - INFO - 
=== Pathway: TSG ===
2026-03-05 14:22:43,049 - INFO - Fetching + manual click accordions: https://www.migration.tas.gov.au/skilled_migration/skilled-workers-and-graduates-living-in-Tasmania/tasmanian-skilled-graduate-pathways-tsg
2026-03-05 14:22:46,374 - INFO -   Ditemukan 6 accordion button
2026-03-05 14:22:50,933 - INFO -   Parsing subclass 190...
2026-03-05 14:22:50,942 - INFO -   Heading ditemukan: 'Subclass 190 - Tasmanian Skilled Graduate (TSG)' → accordion di bawahnya
2026-03-05 14:22:50,946 - INFO -   Subclass 190 → 3 accordion-item ditemukan
2026-03-05 14:22:50,957 - INFO -   Parsing subclass 491...
2026-03-05 14:22:50,966 - INFO -   Heading ditemukan: 'Subclass 491 - Tasmanian Skilled Graduate (TSG)' → accordion di bawahnya
2026-03-05 14:22:50,970 - INFO -   Subclass 491 → 3 accordion-item ditemukan
2026-03-05 14:22:50,982 - INFO - 
=== Pathway: TER ===
2026-03-05 14:22:50,982 - INFO - Fetching + manual click accordions: https://www.migration.tas.gov.au/skilled_migration/skilled-workers-and-graduates-living-in-Tasmania/tasmanian-established-resident-pathways-ter
2026-03-05 14:22:54,743 - INFO -   Ditemukan 6 accordion button
2026-03-05 14:22:59,292 - INFO -   Parsing subclass 190...
2026-03-05 14:22:59,296 - INFO -   Heading ditemukan: 'Subclass 190 - Tasmanian Established Resident Pathways (TER)' → accordion di bawahnya
2026-03-05 14:22:59,298 - INFO -   Subclass 190 → 3 accordion-item ditemukan
2026-03-05 14:22:59,304 - INFO -   Parsing subclass 491...
2026-03-05 14:22:59,310 - INFO -   Heading ditemukan: 'Subclass 491 - Tasmanian Established Resident Pathways (TER)' → accordion di bawahnya
2026-03-05 14:22:59,312 - INFO -   Subclass 491 → 3 accordion-item ditemukan
2026-03-05 14:22:59,316 - INFO - 
=== Pathway: TBO ===
2026-03-05 14:22:59,317 - INFO - Fetching + manual click accordions: https://www.migration.tas.gov.au/skilled_migration/skilled-workers-and-graduates-living-in-Tasmania/tasmanian-business-operator-pathway-tbo
2026-03-05 14:23:03,350 - INFO -   Ditemukan 3 accordion button
2026-03-05 14:23:06,184 - INFO -   Parsing subclass 190...
2026-03-05 14:23:06,188 - INFO -   Tidak ada heading/accordion untuk subclass 190 di halaman ini
2026-03-05 14:23:06,188 - INFO -   Parsing subclass 491...
2026-03-05 14:23:06,193 - INFO -   Accordion-button ditemukan: '491 TBO - Minimum requirements' → gunakan accordion ini
2026-03-05 14:23:06,194 - INFO -   Subclass 491 → 3 accordion-item ditemukan
2026-03-05 14:23:06,289 - INFO - [Excel] Formatting selesai: c:\Users\Microsoft\OneDrive\Desktop\state_nomination_scrap\src\scrapers\output_scrape\tas\requirements_tas.xlsx
2026-03-05 14:23:06,289 - INFO - Scraping selesai. Data disimpan ke c:\Users\Microsoft\OneDrive\Desktop\state_nomination_scrap\src\scrapers\output_scrape\tas
2026-03-05 14:23:06,295 - INFO - [TAS] Selesai dalam 35.1s — 2 baris
2026-03-05 14:23:06,295 - INFO - 
============================================================
2026-03-05 14:23:06,295 - INFO -   Starting: VIC
2026-03-05 14:23:06,295 - INFO - ============================================================
2026-03-05 14:23:06,295 - INFO - === Scraping VIC Requirements ===
2026-03-05 14:23:06,295 - INFO - Fetching VIC 190 (accordion click mode): https://liveinmelbourne.vic.gov.au/migrate/skilled-migration-visas/skilled-nominated-visa-subclass-190
2026-03-05 14:23:14,798 - INFO - Found 9 accordion headers
2026-03-05 14:23:14,845 - INFO - Clicking accordion [0]: Basic eligibility
2026-03-05 14:23:15,582 - INFO - Clicking accordion [1]: Victorian subclass 190 skilled visa nomination
2026-03-05 14:23:16,292 - INFO - Clicking accordion [2]: Further eligibility requirements
2026-03-05 14:23:16,995 - INFO - Clicking accordion [3]: Invitation to apply for Victorian nomination
2026-03-05 14:23:17,679 - INFO - Clicking accordion [4]: Submitting a nomination application
2026-03-05 14:23:18,372 - INFO - Clicking accordion [5]: Nomination application assessment
2026-03-05 14:23:19,066 - INFO - Clicking accordion [6]: Nomination application outcome
2026-03-05 14:23:19,777 - INFO - Clicking accordion [7]: Your nomination obligations
2026-03-05 14:23:20,461 - INFO - Clicking accordion [8]: Terms and Conditions
2026-03-05 14:23:21,254 - INFO - Fetching VIC 491 (accordion click mode): https://liveinmelbourne.vic.gov.au/migrate/skilled-migration-visas/491
2026-03-05 14:23:28,612 - INFO - Found 9 accordion headers
2026-03-05 14:23:28,655 - INFO - Clicking accordion [0]: Basic eligibility
2026-03-05 14:23:29,375 - INFO - Clicking accordion [1]: Victorian subclass 491 skilled work regional visa nomination
2026-03-05 14:23:30,069 - INFO - Clicking accordion [2]: Further eligibility requirements
2026-03-05 14:23:30,783 - INFO - Clicking accordion [3]: Invitation to apply for Victorian nomination
2026-03-05 14:23:31,495 - INFO - Clicking accordion [4]: Submitting a nomination application
2026-03-05 14:23:32,197 - INFO - Clicking accordion [5]: Nomination application assessment
2026-03-05 14:23:32,900 - INFO - Clicking accordion [6]: Nomination application outcome
2026-03-05 14:23:33,606 - INFO - Clicking accordion [7]: Your nomination obligations
2026-03-05 14:23:34,328 - INFO - Clicking accordion [8]: Terms and Conditions
2026-03-05 14:23:35,181 - INFO - Scraping selesai. File JSON disimpan di: c:\Users\Microsoft\OneDrive\Desktop\state_nomination_scrap\src\scrapers\output_scrape\vic\requirements_vic.json
2026-03-05 14:23:35,190 - INFO - [VIC] Selesai dalam 28.9s — 2 baris
2026-03-05 14:23:35,190 - INFO - 
============================================================
2026-03-05 14:23:35,190 - INFO -   Starting: WA
2026-03-05 14:23:35,190 - INFO - ============================================================
2026-03-05 14:23:35,190 - INFO - === Scraping WA Requirements ===
2026-03-05 14:23:35,190 - INFO - Fetching: https://immi.homeaffairs.gov.au/visas/getting-a-visa/visa-listing/skilled-nominated-190/points-table
2026-03-05 14:23:41,862 - INFO - [Camoufox] Membuka: https://immi.homeaffairs.gov.au/visas/getting-a-visa/visa-listing/skilled-nominated-190/points-table
2026-03-05 14:23:44,441 - INFO - [Camoufox] Selector 'ha-wysiwyg' ditemukan.
2026-03-05 14:23:49,509 - INFO - [Camoufox] HTML didapat (1,327,678 chars)
2026-03-05 14:23:50,165 - INFO - [DEBUG] HTML disimpan → c:\Users\Microsoft\OneDrive\Desktop\state_nomination_scrap\src\scrapers\debug_points-table.html
2026-03-05 14:23:50,224 - INFO - Fetching: https://immi.homeaffairs.gov.au/visas/getting-a-visa/visa-listing/skilled-work-regional-provisional-491
2026-03-05 14:23:57,191 - INFO - [Camoufox] Membuka: https://immi.homeaffairs.gov.au/visas/getting-a-visa/visa-listing/skilled-work-regional-provisional-491
2026-03-05 14:23:59,966 - INFO - [Camoufox] Selector 'ha-visa-card' ditemukan.
2026-03-05 14:24:05,026 - INFO - [Camoufox] HTML didapat (1,287,193 chars)
2026-03-05 14:24:05,646 - INFO - [DEBUG] HTML disimpan → c:\Users\Microsoft\OneDrive\Desktop\state_nomination_scrap\src\scrapers\debug_skilled-work-regional-provisional-491.html
2026-03-05 14:24:05,722 - INFO - Exported CSV   → c:\Users\Microsoft\OneDrive\Desktop\state_nomination_scrap\src\scrapers\output_scrape\wa\requirements_wa.csv
2026-03-05 14:24:05,723 - INFO - Exported JSON  → c:\Users\Microsoft\OneDrive\Desktop\state_nomination_scrap\src\scrapers\output_scrape\wa\requirements_wa.json
2026-03-05 14:24:05,725 - INFO - Exported Excel → c:\Users\Microsoft\OneDrive\Desktop\state_nomination_scrap\src\scrapers\output_scrape\wa\requirements_wa.xlsx
2026-03-05 14:24:05,727 - INFO - 
--- Preview ---
2026-03-05 14:24:05,730 - INFO - state code state stream service fee
        WA       WA_190           -
        WA       WA_491           -
2026-03-05 14:24:05,730 - INFO - [WA] Selesai dalam 30.5s — 2 baris
2026-03-05 14:24:05,944 - INFO - [Excel] Formatting selesai: c:\Users\Microsoft\OneDrive\Desktop\state_nomination_scrap\src\scrapers\output_scrape\combined\requirements_all_states.xlsx
2026-03-05 14:24:05,944 - INFO - [Combined] XLSX → c:\Users\Microsoft\OneDrive\Desktop\state_nomination_scrap\src\scrapers\output_scrape\combined\requirements_all_states.xlsx
2026-03-05 14:24:05,946 - INFO - [Combined] 23 total baris dari 8 state
2026-03-05 14:24:05,946 - INFO - 
============================================================
2026-03-05 14:24:05,946 - INFO -   SELESAI — 8/8 states OK
2026-03-05 14:24:05,946 - INFO -   Total waktu: 262.3s (4.4 menit)
2026-03-05 14:24:05,946 - INFO -   Status per state:
2026-03-05 14:24:05,947 - INFO -     ACT   : OK (2 baris)
2026-03-05 14:24:05,947 - INFO -     NT    : OK (2 baris)
2026-03-05 14:24:05,947 - INFO -     NSW   : OK (2 baris)
2026-03-05 14:24:05,947 - INFO -     QLD   : OK (7 baris)
2026-03-05 14:24:05,947 - INFO -     SA    : OK (4 baris)
2026-03-05 14:24:05,947 - INFO -     TAS   : OK (2 baris)
2026-03-05 14:24:05,947 - INFO -     VIC   : OK (2 baris)
2026-03-05 14:24:05,947 - INFO -     WA    : OK (2 baris)
2026-03-05 14:24:05,947 - INFO - ============================================================
